  main.cpp
E:\Users\Rishabh Kumar\Desktop\Final\CG-mini-project\main.cpp(168,7): warning C4244: '=': conversion from 'double' to 'int', possible loss of data
E:\Users\Rishabh Kumar\Desktop\Final\CG-mini-project\main.cpp(182,8): warning C4244: '=': conversion from 'double' to 'int', possible loss of data
E:\Users\Rishabh Kumar\Desktop\Final\CG-mini-project\main.cpp(507,14): warning C4244: '=': conversion from 'GLfloat' to 'int', possible loss of data
E:\Users\Rishabh Kumar\Desktop\Final\CG-mini-project\main.cpp(512,14): warning C4244: '=': conversion from 'GLfloat' to 'int', possible loss of data
E:\Users\Rishabh Kumar\Desktop\Final\CG-mini-project\main.cpp(701,24): warning C4305: 'argument': truncation from 'double' to 'GLfloat'
E:\Users\Rishabh Kumar\Desktop\Final\CG-mini-project\main.cpp(712,24): warning C4305: 'argument': truncation from 'double' to 'GLfloat'
E:\Users\Rishabh Kumar\Desktop\Final\CG-mini-project\main.cpp(723,24): warning C4305: 'argument': truncation from 'double' to 'GLfloat'
E:\Users\Rishabh Kumar\Desktop\Final\CG-mini-project\main.cpp(734,24): warning C4305: 'argument': truncation from 'double' to 'GLfloat'
E:\Users\Rishabh Kumar\Desktop\Final\CG-mini-project\main.cpp(745,24): warning C4305: 'argument': truncation from 'double' to 'GLfloat'
E:\Users\Rishabh Kumar\Desktop\Final\CG-mini-project\main.cpp(756,24): warning C4305: 'argument': truncation from 'double' to 'GLfloat'
E:\Users\Rishabh Kumar\Desktop\Final\CG-mini-project\main.cpp(784,27): warning C4305: 'argument': truncation from 'double' to 'GLfloat'
E:\Users\Rishabh Kumar\Desktop\Final\CG-mini-project\main.cpp(798,30): warning C4244: 'argument': conversion from 'int' to 'GLfloat', possible loss of data
E:\Users\Rishabh Kumar\Desktop\Final\CG-mini-project\main.cpp(799,28): warning C4305: 'argument': truncation from 'double' to 'GLfloat'
E:\Users\Rishabh Kumar\Desktop\Final\CG-mini-project\main.cpp(920,27): warning C4305: 'argument': truncation from 'double' to 'GLfloat'
E:\Users\Rishabh Kumar\Desktop\Final\CG-mini-project\main.cpp(933,27): warning C4305: 'argument': truncation from 'double' to 'GLfloat'
E:\Users\Rishabh Kumar\Desktop\Final\CG-mini-project\main.cpp(946,27): warning C4305: 'argument': truncation from 'double' to 'GLfloat'
E:\Users\Rishabh Kumar\Desktop\Final\CG-mini-project\main.cpp(959,27): warning C4305: 'argument': truncation from 'double' to 'GLfloat'
E:\Users\Rishabh Kumar\Desktop\Final\CG-mini-project\main.cpp(972,27): warning C4305: 'argument': truncation from 'double' to 'GLfloat'
E:\Users\Rishabh Kumar\Desktop\Final\CG-mini-project\main.cpp(985,27): warning C4305: 'argument': truncation from 'double' to 'GLfloat'
E:\Users\Rishabh Kumar\Desktop\Final\CG-mini-project\main.cpp(1228,27): warning C4305: 'argument': truncation from 'double' to 'GLfloat'
E:\Users\Rishabh Kumar\Desktop\Final\CG-mini-project\main.cpp(1735,19): warning C4305: '-=': truncation from 'double' to 'GLfloat'
E:\Users\Rishabh Kumar\Desktop\Final\CG-mini-project\main.cpp(1748,22): warning C4305: '+=': truncation from 'double' to 'GLfloat'
soil2-debug.lib(image_DXT.obj) : warning LNK4099: PDB '' was not found with 'soil2-debug.lib(image_DXT.obj)' or at ''; linking object as if no debug info
soil2-debug.lib(image_helper.obj) : warning LNK4099: PDB 'soil2-debug.pdb' was not found with 'soil2-debug.lib(image_helper.obj)' or at 'E:\Users\Rishabh Kumar\Desktop\Final\Debug\soil2-debug.pdb'; linking object as if no debug info
soil2-debug.lib(SOIL2.obj) : warning LNK4099: PDB '' was not found with 'soil2-debug.lib(SOIL2.obj)' or at ''; linking object as if no debug info
soil2-debug.lib(wfETC.obj) : warning LNK4099: PDB 'soil2-debug.pdb' was not found with 'soil2-debug.lib(wfETC.obj)' or at 'E:\Users\Rishabh Kumar\Desktop\Final\Debug\soil2-debug.pdb'; linking object as if no debug info
  CG-mini-project.vcxproj -> E:\Users\Rishabh Kumar\Desktop\Final\Debug\CG-mini-project.exe
